Arguments: 
  /usr/local/bin/node /usr/local/Cellar/yarn/1.12.3/libexec/bin/yarn.js add

PATH: 
  /usr/local/bin:/usr/bin:/bin:/usr/sbin:/sbin

Yarn version: 
  1.12.3

Node version: 
  10.14.2

Platform: 
  darwin x64

Trace: 
  SyntaxError: Invalid value type 2:0 in /Users/w-qing/Desktop/Blog/.yarnrc
      at Parser.unexpected (/usr/local/Cellar/yarn/1.12.3/libexec/lib/cli.js:62855:11)
      at Parser.parse (/usr/local/Cellar/yarn/1.12.3/libexec/lib/cli.js:62983:16)
      at Parser.parse (/usr/local/Cellar/yarn/1.12.3/libexec/lib/cli.js:62940:26)
      at parse (/usr/local/Cellar/yarn/1.12.3/libexec/lib/cli.js:63057:17)
      at module.exports.exports.default (/usr/local/Cellar/yarn/1.12.3/libexec/lib/cli.js:62626:96)
      at YarnRegistry.<anonymous> (/usr/local/Cellar/yarn/1.12.3/libexec/lib/cli.js:94999:64)
      at Generator.next (<anonymous>)
      at step (/usr/local/Cellar/yarn/1.12.3/libexec/lib/cli.js:304:30)
      at /usr/local/Cellar/yarn/1.12.3/libexec/lib/cli.js:315:13

npm manifest: 
  {
    "private": true,
    "name": "W-Qing.github.io",
    "description": "W-Qing's homepage",
    "author": "W-Qing <scorpio971028@gmail.com>",
    "license": "MIT",
    "scripts": {
      "dev": "vuepress dev src",
      "build": "vuepress build src --dest dist"
    },
    "repository": {
      "type": "git",
      "url": "git+ https://github.com/W-Qing/W-Qing.github.io.git"
    },
    "dependencies": {
      "@vuepress/plugin-google-analytics": "1.0.0-alpha.44",
      "node-sass": "^4.11.0",
      "sass-loader": "^7.1.0",
      "vuepress": "1.0.0-alpha.44",
      "vuepress-theme-meteorlxy": "1.0.0-alpha.29"
    }
  }

yarn manifest: 
  No manifest

Lockfile: 
  No lockfile
